[debug] [2021-08-23T23:24:43.819Z] ----------------------------------------------------------------------
[debug] [2021-08-23T23:24:43.822Z] Command:       /usr/bin/node /usr/bin/firebase init
[debug] [2021-08-23T23:24:43.823Z] CLI Version:   9.16.5
[debug] [2021-08-23T23:24:43.823Z] Platform:      linux
[debug] [2021-08-23T23:24:43.823Z] Node Version:  v16.5.0
[debug] [2021-08-23T23:24:43.824Z] Time:          Tue Aug 24 2021 04:54:43 GMT+0530 (India Standard Time)
[debug] [2021-08-23T23:24:43.824Z] ----------------------------------------------------------------------
[debug] 
[debug] [2021-08-23T23:24:43.833Z] > command requires scopes: ["email","openid","https://www.googleapis.com/auth/cloudplatformprojects.readonly","https://www.googleapis.com/auth/firebase","https://www.googleapis.com/auth/cloud-platform"]
[debug] [2021-08-23T23:24:43.833Z] > authorizing via signed-in user (souravgro25@gmail.com)
[info] 
     ######## #### ########  ######## ########     ###     ######  ########
     ##        ##  ##     ## ##       ##     ##  ##   ##  ##       ##
     ######    ##  ########  ######   ########  #########  ######  ######
     ##        ##  ##    ##  ##       ##     ## ##     ##       ## ##
     ##       #### ##     ## ######## ########  ##     ##  ######  ########

You're about to initialize a Firebase project in this directory:

  /home/sourabh/Desktop/portfolio

[info] 
=== Project Setup
[info] 
[info] First, let's associate this project directory with a Firebase project.
[info] You can create multiple project aliases by running firebase use --add, 
[info] but for now we'll just set up a default project.
[info] 
[debug] [2021-08-23T23:25:05.181Z] >>> [apiv2][query] GET https://firebase.googleapis.com/v1beta1/projects pageSize=100
[debug] [2021-08-23T23:25:06.304Z] <<< [apiv2][status] GET https://firebase.googleapis.com/v1beta1/projects 200
[debug] [2021-08-23T23:25:06.305Z] <<< [apiv2][body] GET https://firebase.googleapis.com/v1beta1/projects [omitted]
[info] i  Using project sourabh-grover (Sourabh-Grover) 
[info] 
=== Hosting Setup
[info] 
[info] Your public directory is the folder (relative to your project directory) that
[info] will contain Hosting assets to be uploaded with firebase deploy. If you
[info] have a build process for your assets, use your build's output directory.
[info] 
